2022/01/31 16:13:41 ==>connection() error occured during connection handshake: auth error: sasl conversation error: unable to authenticate using mechanism "SCRAM-SHA-1": (AuthenticationFailed) Authentication failed.
2022/01/31 16:14:21 connection() error occured during connection handshake: auth error: sasl conversation error: unable to authenticate using mechanism "SCRAM-SHA-1": (AuthenticationFailed) Authentication failed.
2022/01/31 16:15:06 connection() error occured during connection handshake: auth error: sasl conversation error: unable to authenticate using mechanism "SCRAM-SHA-1": (AuthenticationFailed) Authentication failed.
2022/01/31 16:15:20 Success ==> connect to mongo db...
2022/01/31 16:47:09 Success ==> connect to mongo db...
2022/01/31 16:48:17 Success ==> connect to mongo db...
2022/01/31 16:48:37 Success ==> connect to mongo db...
2022/01/31 16:55:57 Success ==> connect to mongo db...
2022/01/31 17:08:05 Success ==> connect to mongo db...
2022/01/31 17:10:23 Success ==> connect to mongo db...
2022/01/31 17:12:10 Success ==> connect to mongo db...
2022/01/31 17:13:35 Success ==> connect to mongo db...
2022/01/31 17:16:09 Success ==> connect to mongo db...
2022/01/31 17:17:51 Success ==> connect to mongo db...
2022/01/31 17:19:06 Success ==> connect to mongo db...
2022/01/31 17:19:17 Success ==> connect to mongo db...
2022/01/31 17:19:54 Success ==> connect to mongo db...
2022/01/31 17:23:13 Success ==> connect to mongo db...
2022/01/31 17:26:22 Success ==> connect to mongo db...
2022/01/31 17:27:15 Success ==> connect to mongo db...
2022/01/31 17:28:04 Success ==> connect to mongo db...
2022/01/31 17:28:58 Success ==> connect to mongo db...
2022/01/31 17:31:03 Success ==> connect to mongo db...
2022/01/31 17:31:16 Success ==> connect to mongo db...
2022/01/31 17:31:29 Success ==> connect to mongo db...
2022/01/31 17:31:47 Success ==> connect to mongo db...
2022/01/31 17:32:39 Success ==> connect to mongo db...
2022/01/31 17:40:54 Success ==> connect to mongo db...
2022/01/31 17:41:42 Success ==> connect to mongo db...
2022/01/31 17:42:43 Success ==> connect to mongo db...
2022/01/31 17:43:03 Success ==> connect to mongo db...
2022/01/31 18:02:15 Success ==> connect to mongo db...
2022/01/31 18:04:35 Success ==> connect to mongo db...
2022/01/31 18:10:00 Success ==> connect to mongo db...
2022/01/31 18:17:39 Success ==> connect to mongo db...
2022/01/31 18:19:13 Success ==> connect to mongo db...
2022/01/31 18:21:07 Success ==> connect to mongo db...
2022/01/31 18:24:13 Success ==> connect to mongo db...
2022/01/31 18:24:43 Success ==> connect to mongo db...
2022/01/31 18:27:03 Success ==> connect to mongo db...
2022/01/31 18:29:31 Success ==> connect to mongo db...
2022/01/31 18:30:20 Success ==> connect to mongo db...
2022/01/31 18:31:38 Success ==> connect to mongo db...
2022/01/31 18:32:13 Success ==> connect to mongo db...
2022/01/31 18:34:23 Success ==> connect to mongo db...
2022/01/31 18:35:27 Success ==> connect to mongo db...
2022/01/31 18:36:39 Success ==> connect to mongo db...
2022/01/31 18:40:13 Success ==> connect to mongo db...
2022/01/31 18:48:41 Success ==> connect to mongo db...
2022/01/31 18:49:34 Success ==> connect to mongo db...
2022/01/31 18:50:07 Success ==> connect to mongo db...
2022/01/31 18:55:11 Success ==> connect to mongo db...
2022/01/31 18:55:59 Success ==> connect to mongo db...
2022/01/31 19:01:10 Success ==> connect to mongo db...
2022/01/31 19:10:54 Success ==> connect to mongo db...
2022/01/31 19:11:55 Success ==> connect to mongo db...
2022/01/31 19:12:30 Success ==> connect to mongo db...
2022/01/31 19:12:37 Success ==> connect to mongo db...
2022/01/31 19:13:12 Success ==> connect to mongo db...
2022/01/31 19:15:17 Success ==> connect to mongo db...
2022/01/31 19:16:08 Success ==> connect to mongo db...
2022/01/31 19:16:58 Success ==> connect to mongo db...
2022/01/31 19:20:23 Success ==> connect to mongo db...
2022/01/31 19:20:57 Success ==> connect to mongo db...
2022/01/31 19:21:07 Success ==> connect to mongo db...
2022/01/31 19:25:27 Success ==> connect to mongo db...
2022/01/31 19:27:22 Success ==> connect to mongo db...
2022/01/31 19:33:18 Success ==> connect to mongo db...
2022/01/31 19:34:21 Success ==> connect to mongo db...
2022/01/31 19:36:05 Success ==> connect to mongo db...
2022/01/31 19:36:56 Success ==> connect to mongo db...
2022/01/31 19:40:59 Success ==> connect to mongo db...
2022/01/31 19:42:02 Success ==> connect to mongo db...
2022/01/31 19:43:25 Success ==> connect to mongo db...
2022/01/31 19:46:39 Success ==> connect to mongo db...
2022/01/31 19:47:14 Success ==> connect to mongo db...
2022/01/31 19:48:52 Success ==> connect to mongo db...
2022/01/31 19:50:15 Success ==> connect to mongo db...
2022/01/31 19:55:19 Success ==> connect to mongo db...
2022/01/31 19:56:34 Success ==> connect to mongo db...
2022/01/31 19:58:42 Success ==> connect to mongo db...
2022/01/31 20:00:33 Success ==> connect to mongo db...
2022/01/31 20:03:04 Success ==> connect to mongo db...
2022/01/31 20:08:00 Success ==> connect to mongo db...
2022/01/31 20:12:37 Success ==> connect to mongo db...
2022/01/31 20:12:59 Success ==> connect to mongo db...
2022/01/31 20:15:39 Success ==> connect to mongo db...
2022/01/31 20:19:13 Success ==> connect to mongo db...
2022/01/31 20:19:53 Success ==> connect to mongo db...
2022/01/31 20:20:41 Success ==> connect to mongo db...
2022/01/31 20:21:02 Success ==> connect to mongo db...
2022/01/31 20:22:12 Success ==> connect to mongo db...
2022/01/31 20:26:23 Success ==> connect to mongo db...
2022/01/31 20:29:29 Success ==> connect to mongo db...
2022/01/31 20:31:21 Success ==> connect to mongo db...
2022/01/31 20:38:12 Success ==> connect to mongo db...
2022/01/31 20:39:22 Success ==> connect to mongo db...
2022/01/31 21:01:41 Success ==> connect to mongo db...
2022/01/31 21:03:37 Success ==> connect to mongo db...
2022/01/31 21:06:46 Success ==> connect to mongo db...
2022/01/31 21:35:45 Success ==> connect to mongo db...
2022/01/31 21:36:28 Success ==> connect to mongo db...
2022/01/31 21:39:02 Success ==> connect to mongo db...
2022/01/31 21:42:25 Success ==> connect to mongo db...
2022/01/31 21:44:13 Success ==> connect to mongo db...
2022/01/31 21:49:43 Success ==> connect to mongo db...
2022/01/31 21:52:41 Success ==> connect to mongo db...
2022/01/31 22:02:39 Success ==> connect to mongo db...
2022/01/31 22:05:08 Success ==> connect to mongo db...
2022/01/31 22:05:38 Success ==> connect to mongo db...
2022/01/31 22:07:25 Success ==> connect to mongo db...
2022/01/31 22:08:41 Success ==> connect to mongo db...
2022/01/31 22:14:09 Success ==> connect to mongo db...
2022/01/31 22:27:04 Success ==> connect to mongo db...
2022/01/31 22:28:57 Success ==> connect to mongo db...
2022/01/31 22:30:23 Success ==> connect to mongo db...
2022/01/31 22:46:03 Success ==> connect to mongo db...
2022/01/31 22:47:49 Success ==> connect to mongo db...
2022/01/31 22:48:38 Success ==> connect to mongo db...
2022/01/31 22:51:45 Success ==> connect to mongo db...
2022/02/01 09:51:44 Success ==> connect to mongo db...
2022/02/01 09:53:10 Success ==> connect to mongo db...
2022/02/01 09:57:11 Success ==> connect to mongo db...
2022/02/01 10:11:13 Success ==> connect to mongo db...
2022/02/01 10:19:57 Success ==> connect to mongo db...
2022/02/01 10:30:04 Success ==> connect to mongo db...
2022/02/01 10:30:15 Success ==> connect to mongo db...
2022/02/01 10:37:16 Success ==> connect to mongo db...
2022/02/01 10:38:46 Success ==> connect to mongo db...
2022/02/01 10:49:37 Success ==> connect to mongo db...
2022/02/01 10:53:42 Success ==> connect to mongo db...
2022/02/01 11:07:51 Success ==> connect to mongo db...
2022/02/01 11:14:11 Success ==> connect to mongo db...
2022/02/01 11:15:37 Success ==> connect to mongo db...
2022/02/01 11:17:00 Success ==> connect to mongo db...
2022/02/01 11:28:03 Success ==> connect to mongo db...
2022/02/01 11:28:32 Success ==> connect to mongo db...
2022/02/01 11:32:37 Success ==> connect to mongo db...
2022/02/01 11:33:37 Success ==> connect to mongo db...
2022/02/01 11:35:07 Success ==> connect to mongo db...
2022/02/01 11:35:42 Success ==> connect to mongo db...
2022/02/01 11:37:50 Success ==> connect to mongo db...
2022/02/01 11:42:32 Success ==> connect to mongo db...
2022/02/01 11:46:08 Success ==> connect to mongo db...
2022/02/01 11:47:18 Success ==> connect to mongo db...
2022/02/01 12:05:55 Success ==> connect to mongo db...
2022/02/01 12:12:17 Success ==> connect to mongo db...
2022/02/01 12:20:54 Success ==> connect to mongo db...
2022/02/01 12:21:50 Success ==> connect to mongo db...
2022/02/01 12:26:49 Success ==> connect to mongo db...
2022/02/01 12:28:30 Success ==> connect to mongo db...
2022/02/01 12:28:55 Success ==> connect to mongo db...
2022/02/01 14:00:55 Success ==> connect to mongo db...
2022/02/01 14:03:36 Success ==> connect to mongo db...
2022/02/01 14:04:08 Success ==> connect to mongo db...
2022/02/01 14:07:39 Success ==> connect to mongo db...
2022/02/01 14:08:18 Success ==> connect to mongo db...
2022/02/01 14:10:57 Success ==> connect to mongo db...
2022/02/01 14:12:22 Success ==> connect to mongo db...
2022/02/01 14:13:25 Success ==> connect to mongo db...
2022/02/01 14:14:51 Success ==> connect to mongo db...
2022/02/01 14:17:36 Success ==> connect to mongo db...
2022/02/01 14:18:18 Success ==> connect to mongo db...
2022/02/01 14:20:11 Success ==> connect to mongo db...
2022/02/01 14:21:00 Success ==> connect to mongo db...
2022/02/01 14:21:22 Success ==> connect to mongo db...
2022/02/01 14:29:40 Success ==> connect to mongo db...
2022/02/01 14:30:35 Success ==> connect to mongo db...
2022/02/01 14:36:54 Success ==> connect to mongo db...
2022/02/01 14:36:54 Success ==> connect to mongo db...
2022/02/01 14:42:32 Success ==> connect to mongo db...
2022/02/01 14:42:43 Success ==> connect to mongo db...
2022/02/01 14:43:11 Success ==> connect to mongo db...
2022/02/01 14:43:46 Success ==> connect to mongo db...
2022/02/01 14:45:42 Success ==> connect to mongo db...
2022/02/01 14:45:59 Success ==> connect to mongo db...
2022/02/01 14:46:32 Success ==> connect to mongo db...
2022/02/01 14:47:03 Success ==> connect to mongo db...
2022/02/01 14:47:07 Success ==> connect to mongo db...
2022/02/01 14:47:10 Success ==> connect to mongo db...
2022/02/01 14:47:13 Success ==> connect to mongo db...
2022/02/01 14:47:15 Success ==> connect to mongo db...
2022/02/01 14:47:18 Success ==> connect to mongo db...
2022/02/01 14:47:21 Success ==> connect to mongo db...
2022/02/01 14:47:24 Success ==> connect to mongo db...
2022/02/01 14:47:27 Success ==> connect to mongo db...
2022/02/01 14:47:30 Success ==> connect to mongo db...
2022/02/01 14:47:33 Success ==> connect to mongo db...
2022/02/01 14:47:36 Success ==> connect to mongo db...
2022/02/01 14:47:38 Success ==> connect to mongo db...
2022/02/01 14:47:41 Success ==> connect to mongo db...
2022/02/01 14:47:44 Success ==> connect to mongo db...
2022/02/01 14:47:46 Success ==> connect to mongo db...
2022/02/01 14:47:49 Success ==> connect to mongo db...
2022/02/01 14:47:51 Success ==> connect to mongo db...
2022/02/01 14:47:54 Success ==> connect to mongo db...
2022/02/01 14:47:56 Success ==> connect to mongo db...
2022/02/01 14:47:59 Success ==> connect to mongo db...
2022/02/01 14:48:02 Success ==> connect to mongo db...
2022/02/01 14:48:05 Success ==> connect to mongo db...
2022/02/01 14:48:08 Success ==> connect to mongo db...
2022/02/01 14:48:12 Success ==> connect to mongo db...
2022/02/01 14:48:14 Success ==> connect to mongo db...
2022/02/01 14:48:18 Success ==> connect to mongo db...
2022/02/01 14:48:20 Success ==> connect to mongo db...
2022/02/01 14:48:23 Success ==> connect to mongo db...
2022/02/01 14:48:26 Success ==> connect to mongo db...
2022/02/01 14:48:30 Success ==> connect to mongo db...
2022/02/01 14:48:34 Success ==> connect to mongo db...
2022/02/01 14:48:44 Success ==> connect to mongo db...
2022/02/01 14:48:46 Success ==> connect to mongo db...
2022/02/01 14:48:49 Success ==> connect to mongo db...
2022/02/01 14:48:52 Success ==> connect to mongo db...
2022/02/01 14:48:56 Success ==> connect to mongo db...
2022/02/01 14:48:58 Success ==> connect to mongo db...
2022/02/01 14:49:01 Success ==> connect to mongo db...
2022/02/01 14:49:03 Success ==> connect to mongo db...
2022/02/01 14:49:06 Success ==> connect to mongo db...
2022/02/01 14:49:09 Success ==> connect to mongo db...
2022/02/01 14:49:12 Success ==> connect to mongo db...
2022/02/01 14:49:14 Success ==> connect to mongo db...
2022/02/01 14:49:16 Success ==> connect to mongo db...
2022/02/01 14:49:19 Success ==> connect to mongo db...
2022/02/01 14:49:22 Success ==> connect to mongo db...
2022/02/01 14:49:24 Success ==> connect to mongo db...
2022/02/01 14:49:27 Success ==> connect to mongo db...
2022/02/01 14:49:29 Success ==> connect to mongo db...
2022/02/01 14:49:31 Success ==> connect to mongo db...
2022/02/01 14:49:34 Success ==> connect to mongo db...
2022/02/01 14:49:36 Success ==> connect to mongo db...
2022/02/01 14:49:38 Success ==> connect to mongo db...
2022/02/01 14:49:41 Success ==> connect to mongo db...
2022/02/01 14:49:43 Success ==> connect to mongo db...
2022/02/01 14:49:46 Success ==> connect to mongo db...
2022/02/01 14:49:49 Success ==> connect to mongo db...
2022/02/01 14:49:51 Success ==> connect to mongo db...
2022/02/01 14:49:54 Success ==> connect to mongo db...
2022/02/01 14:49:57 Success ==> connect to mongo db...
2022/02/01 14:50:00 Success ==> connect to mongo db...
2022/02/01 14:50:03 Success ==> connect to mongo db...
2022/02/01 14:50:06 Success ==> connect to mongo db...
2022/02/01 14:50:09 Success ==> connect to mongo db...
2022/02/01 14:50:11 Success ==> connect to mongo db...
2022/02/01 14:50:15 Success ==> connect to mongo db...
2022/02/01 14:50:19 Success ==> connect to mongo db...
2022/02/01 14:50:21 Success ==> connect to mongo db...
2022/02/01 14:50:25 Success ==> connect to mongo db...
2022/02/01 14:50:27 Success ==> connect to mongo db...
2022/02/01 14:50:30 Success ==> connect to mongo db...
2022/02/01 14:50:33 Success ==> connect to mongo db...
2022/02/01 14:50:35 Success ==> connect to mongo db...
2022/02/01 14:50:38 Success ==> connect to mongo db...
2022/02/01 14:50:40 Success ==> connect to mongo db...
2022/02/01 14:50:43 Success ==> connect to mongo db...
2022/02/01 14:50:46 Success ==> connect to mongo db...
2022/02/01 14:50:48 Success ==> connect to mongo db...
2022/02/01 14:50:52 Success ==> connect to mongo db...
2022/02/01 14:50:56 Success ==> connect to mongo db...
2022/02/01 14:51:18 Success ==> connect to mongo db...
2022/02/01 14:51:33 Success ==> connect to mongo db...
2022/02/01 14:51:58 Success ==> connect to mongo db...
2022/02/01 14:52:31 Success ==> connect to mongo db...
2022/02/01 14:52:52 Success ==> connect to mongo db...
2022/02/01 14:53:13 Success ==> connect to mongo db...
2022/02/01 14:54:35 Success ==> connect to mongo db...
2022/02/01 14:55:11 Success ==> connect to mongo db...
2022/02/01 14:55:31 Success ==> connect to mongo db...
2022/02/01 14:55:54 Success ==> connect to mongo db...
2022/02/01 14:56:49 Success ==> connect to mongo db...
2022/02/01 14:57:10 Success ==> connect to mongo db...
2022/02/01 14:57:43 Success ==> connect to mongo db...
2022/02/01 15:00:14 Success ==> connect to mongo db...
2022/02/01 15:00:29 Success ==> connect to mongo db...
2022/02/01 15:00:59 Success ==> connect to mongo db...
2022/02/01 15:10:48 Success ==> connect to mongo db...
2022/02/01 15:11:11 Success ==> connect to mongo db...
2022/02/01 15:11:35 Success ==> connect to mongo db...
2022/02/01 15:12:57 Success ==> connect to mongo db...
2022/02/01 15:14:12 Success ==> connect to mongo db...
2022/02/01 15:16:28 Success ==> connect to mongo db...
2022/02/01 15:17:05 Success ==> connect to mongo db...
2022/02/01 15:18:02 Success ==> connect to mongo db...
2022/02/01 15:18:32 Success ==> connect to mongo db...
2022/02/01 15:18:49 Success ==> connect to mongo db...
2022/02/01 15:20:08 Success ==> connect to mongo db...
2022/02/01 15:20:45 Success ==> connect to mongo db...
2022/02/01 15:21:09 Success ==> connect to mongo db...
2022/02/01 15:21:59 Success ==> connect to mongo db...
2022/02/01 15:24:29 Success ==> connect to mongo db...
2022/02/01 15:29:11 server selection error: server selection timeout, current topology: { Type: Unknown, Servers: [{ Addr: mongo1:30001, Type: Unknown, Last error: connection() error occured during connection handshake: dial tcp 127.0.0.1:30001: connect: connection refused }, { Addr: mongo2:30002, Type: Unknown, Last error: connection() error occured during connection handshake: dial tcp 127.0.0.1:30002: connect: connection refused }, { Addr: mongo3:30003, Type: Unknown, Last error: connection() error occured during connection handshake: dial tcp 127.0.0.1:30003: connect: connection refused }, ] }
2022/02/01 15:30:16 server selection error: server selection timeout, current topology: { Type: Unknown, Servers: [{ Addr: mongo1:30001, Type: Unknown, Last error: connection() error occured during connection handshake: dial tcp 127.0.0.1:30001: connect: connection refused }, { Addr: mongo2:30002, Type: Unknown, Last error: connection() error occured during connection handshake: dial tcp 127.0.0.1:30002: connect: connection refused }, { Addr: mongo3:30003, Type: Unknown, Last error: connection() error occured during connection handshake: dial tcp 127.0.0.1:30003: connect: connection refused }, ] }
2022/02/01 15:31:22 server selection error: server selection timeout, current topology: { Type: Unknown, Servers: [{ Addr: mongo1:30001, Type: Unknown, Last error: connection() error occured during connection handshake: dial tcp 127.0.0.1:30001: connect: connection refused }, { Addr: mongo2:30002, Type: Unknown, Last error: connection() error occured during connection handshake: dial tcp 127.0.0.1:30002: connect: connection refused }, { Addr: mongo3:30003, Type: Unknown, Last error: connection() error occured during connection handshake: dial tcp 127.0.0.1:30003: connect: connection refused }, ] }
2022/02/01 15:33:38 Success ==> connect to mongo db...
2022/02/01 15:48:47 Success ==> connect to mongo db...
2022/02/01 15:50:05 Success ==> connect to mongo db...
2022/02/01 15:50:20 Success ==> connect to mongo db...
2022/02/01 15:50:36 Success ==> connect to mongo db...
2022/02/01 15:50:50 Success ==> connect to mongo db...
2022/02/01 15:52:49 Success ==> connect to mongo db...
2022/02/01 15:55:49 Success ==> connect to mongo db...
2022/02/01 15:56:00 Success ==> connect to mongo db...
2022/02/01 15:56:17 Success ==> connect to mongo db...
2022/02/01 15:59:29 Success ==> connect to mongo db...
2022/02/01 16:00:23 Success ==> connect to mongo db...
2022/02/01 16:00:33 Success ==> connect to mongo db...
2022/02/01 16:05:52 Success ==> connect to mongo db...
2022/02/01 16:07:14 Success ==> connect to mongo db...
2022/02/01 16:07:47 Success ==> connect to mongo db...
2022/02/01 16:12:11 Success ==> connect to mongo db...
2022/02/01 16:12:16 Success ==> connect to mongo db...
2022/02/01 16:13:55 Success ==> connect to mongo db...
2022/02/01 16:14:53 Success ==> connect to mongo db...
2022/02/01 16:15:47 Success ==> connect to mongo db...
2022/02/01 16:16:17 Success ==> connect to mongo db...
2022/02/01 16:16:57 Success ==> connect to mongo db...
2022/02/01 16:17:23 Success ==> connect to mongo db...
2022/02/01 16:17:26 Success ==> connect to mongo db...
2022/02/01 16:17:31 Success ==> connect to mongo db...
2022/02/01 16:19:00 Success ==> connect to mongo db...
2022/02/01 16:19:32 Success ==> connect to mongo db...
2022/02/01 16:19:50 Success ==> connect to mongo db...
2022/02/01 16:20:21 Success ==> connect to mongo db...
2022/02/01 16:21:17 Success ==> connect to mongo db...
2022/02/01 16:27:23 Success ==> connect to mongo db...
2022/02/01 16:29:18 Success ==> connect to mongo db...
2022/02/01 16:29:35 Success ==> connect to mongo db...
2022/02/01 16:41:27 Success ==> connect to mongo db...
2022/02/01 16:45:57 Success ==> connect to mongo db...
2022/02/01 16:46:52 Success ==> connect to mongo db...
2022/02/01 16:47:39 Success ==> connect to mongo db...
2022/02/01 16:48:24 Success ==> connect to mongo db...
2022/02/01 16:49:11 Success ==> connect to mongo db...
2022/02/01 16:49:31 Success ==> connect to mongo db...
2022/02/01 16:50:21 Success ==> connect to mongo db...
2022/02/01 16:50:39 Success ==> connect to mongo db...
2022/02/01 16:51:00 Success ==> connect to mongo db...
2022/02/01 16:51:23 Success ==> connect to mongo db...
2022/02/01 16:52:59 Success ==> connect to mongo db...
2022/02/01 16:53:35 Success ==> connect to mongo db...
2022/02/01 16:56:00 Success ==> connect to mongo db...
2022/02/01 16:56:26 Success ==> connect to mongo db...
2022/02/01 16:56:46 Success ==> connect to mongo db...
2022/02/01 16:57:59 Success ==> connect to mongo db...
2022/02/01 16:59:36 Success ==> connect to mongo db...
2022/02/01 17:00:59 Success ==> connect to mongo db...
2022/02/01 17:02:10 Success ==> connect to mongo db...
2022/02/01 17:03:08 Success ==> connect to mongo db...
2022/02/01 17:03:20 Success ==> connect to mongo db...
2022/02/01 17:03:47 Success ==> connect to mongo db...
2022/02/01 17:04:17 Success ==> connect to mongo db...
2022/02/01 17:05:01 Success ==> connect to mongo db...
2022/02/01 17:05:52 Success ==> connect to mongo db...
2022/02/01 17:06:11 Success ==> connect to mongo db...
2022/02/01 17:08:16 Success ==> connect to mongo db...
2022/02/03 12:38:00 Success ==> connect to mongo db...
2022/02/03 12:45:21 Success ==> connect to mongo db...
2022/02/03 12:52:21 Success ==> connect to mongo db...
2022/02/03 13:04:45 Success ==> connect to mongo db...
2022/02/03 13:05:25 Success ==> connect to mongo db...
2022/02/03 13:07:52 Success ==> connect to mongo db...
2022/02/03 13:34:38 Success ==> connect to mongo db...
2022/02/03 13:38:28 Success ==> connect to mongo db...
2022/02/03 13:39:20 Success ==> connect to mongo db...
2022/02/03 13:39:34 Success ==> connect to mongo db...
2022/02/03 13:40:53 Success ==> connect to mongo db...
2022/02/03 13:41:15 Success ==> connect to mongo db...
2022/02/03 13:42:18 Success ==> connect to mongo db...
2022/02/03 13:44:00 Success ==> connect to mongo db...
2022/02/03 13:44:33 Success ==> connect to mongo db...
2022/02/03 13:48:48 Success ==> connect to mongo db...
2022/02/03 13:49:49 Success ==> connect to mongo db...
2022/02/03 14:32:45 Success ==> connect to mongo db...
2022/02/03 14:36:03 Success ==> connect to mongo db...
2022/02/03 14:37:35 Success ==> connect to mongo db...
2022/02/03 19:09:12 Success ==> connect to mongo db...
2022/02/03 20:05:16 Success ==> connect to mongo db...
2022/02/03 20:26:42 Success ==> connect to mongo db...
2022/02/04 19:48:06 Success ==> connect to mongo db...
2022/02/04 19:48:58 Success ==> connect to mongo db...
2022/02/04 19:51:33 Success ==> connect to mongo db...
2022/02/04 19:52:44 Success ==> connect to mongo db...
2022/02/04 19:55:29 Success ==> connect to mongo db...
2022/02/04 19:56:10 Success ==> connect to mongo db...
2022/02/04 19:57:15 Success ==> connect to mongo db...
2022/02/04 19:59:00 Success ==> connect to mongo db...
2022/02/04 19:59:21 Success ==> connect to mongo db...
2022/02/04 19:59:40 Success ==> connect to mongo db...
2022/02/04 20:00:19 Success ==> connect to mongo db...
2022/02/04 20:00:49 Success ==> connect to mongo db...
2022/02/04 20:01:01 Success ==> connect to mongo db...
2022/02/04 20:01:42 Success ==> connect to mongo db...
2022/02/04 20:01:55 Success ==> connect to mongo db...
2022/02/04 20:02:59 Success ==> connect to mongo db...
2022/02/04 20:06:55 Success ==> connect to mongo db...
2022/02/04 20:10:51 Success ==> connect to mongo db...
2022/02/04 20:11:02 Success ==> connect to mongo db...
2022/02/04 20:11:37 Success ==> connect to mongo db...
2022/02/04 20:12:43 Success ==> connect to mongo db...
2022/02/04 20:12:52 Success ==> connect to mongo db...
2022/02/04 20:13:38 Success ==> connect to mongo db...
2022/02/04 20:15:01 Success ==> connect to mongo db...
2022/02/04 20:15:56 Success ==> connect to mongo db...
2022/02/04 20:19:00 Success ==> connect to mongo db...
2022/02/04 20:19:39 Success ==> connect to mongo db...
2022/02/04 20:23:49 Success ==> connect to mongo db...
2022/05/07 18:06:42 server selection error: server selection timeout, current topology: { Type: Unknown, Servers: [{ Addr: mongo1:30001, Type: Unknown, Last error: connection() error occured during connection handshake: dial tcp: lookup mongo1: no such host }, { Addr: mongo2:30002, Type: Unknown, Last error: connection() error occured during connection handshake: dial tcp: lookup mongo2: no such host }, { Addr: mongo3:30003, Type: Unknown, Last error: connection() error occured during connection handshake: dial tcp: lookup mongo3: no such host }, ] }
2022/05/07 18:08:11 server selection error: server selection timeout, current topology: { Type: Unknown, Servers: [{ Addr: mongo1:30001, Type: Unknown, Last error: connection() error occured during connection handshake: dial tcp: lookup mongo1: no such host }, { Addr: mongo2:30002, Type: Unknown, Last error: connection() error occured during connection handshake: dial tcp: lookup mongo2: no such host }, { Addr: mongo3:30003, Type: Unknown, Last error: connection() error occured during connection handshake: dial tcp: lookup mongo3: no such host }, ] }
2022/05/07 18:08:21 failed to create internal authenticator: error SASLprepping password '¿_Ø‚ß&€ª–': prohibited character (rune: '\ufffd')
2022/05/07 18:09:07 failed to create internal authenticator: error SASLprepping password '¿_Ø‚ß&€ª–': prohibited character (rune: '\ufffd')
2022/05/07 18:10:47 failed to create internal authenticator: error SASLprepping password '¿_Ø‚ß&€ª–': prohibited character (rune: '\ufffd')
2022/05/07 18:11:07 failed to create internal authenticator: error SASLprepping password '¿_Ø‚ß&€ª–': prohibited character (rune: '\ufffd')
2022/05/07 18:11:23 failed to create internal authenticator: error SASLprepping password '¿_Ø‚ß&€ª–': prohibited character (rune: '\ufffd')
2022/05/07 18:15:40 failed to create internal authenticator: error SASLprepping password '¿_Ø‚ß&€ª–': prohibited character (rune: '\ufffd')
2022/05/07 18:25:09 failed to create internal authenticator: error SASLprepping password '¿_Ø‚ß&€ª–': prohibited character (rune: '\ufffd')
2022/05/07 18:25:59 failed to create internal authenticator: error SASLprepping password '¿_Ø‚ß&€ª–': prohibited character (rune: '\ufffd')
2022/05/07 19:18:53 failed to create internal authenticator: error SASLprepping password '¿_Ø‚ß&€ª–': prohibited character (rune: '\ufffd')
2022/05/07 19:22:06 error parsing uri: invalid 'connect' value: mongo_rsdirect
2022/05/07 19:22:11 error parsing uri: invalid 'connect' value: mongo_rsdirect
2022/05/07 19:22:40 error parsing uri: invalid 'connect' value: mongo_rsdirect
2022/05/07 19:22:53 error parsing uri: invalid 'connect' value: mongo_rsdirect
2022/05/07 19:23:08 error parsing uri: invalid 'connect' value: mongo_rsdirect
2022/05/07 19:23:49 error parsing uri: invalid 'connect' value: mongo_rsdirect
2022/05/07 19:29:04 error parsing uri: invalid 'connect' value: mongo_rsdirect
2022/05/07 19:29:49 failed to create internal authenticator: error SASLprepping password '¿_Ø‚ß&€ª–': prohibited character (rune: '\ufffd')
2022/05/07 19:32:52 failed to create internal authenticator: error SASLprepping password '¿_Ø‚ß&€ª–': prohibited character (rune: '\ufffd')
2022/05/07 19:33:30 failed to create internal authenticator: error SASLprepping password '¿_Ø‚ß&€ª–': prohibited character (rune: '\ufffd')
2022/05/07 19:34:11 failed to create internal authenticator: error SASLprepping password '¿_Ø‚ß&€ª–': prohibited character (rune: '\ufffd')
2022/05/07 19:34:35 failed to create internal authenticator: error SASLprepping password '¿_Ø‚ß&€ª–': prohibited character (rune: '\ufffd')
2022/05/07 19:35:50 connection() error occured during connection handshake: auth error: sasl conversation error: unable to authenticate using mechanism "SCRAM-SHA-1": (AuthenticationFailed) Authentication failed.
2022/05/07 19:36:21 connection() error occured during connection handshake: auth error: sasl conversation error: unable to authenticate using mechanism "SCRAM-SHA-1": (AuthenticationFailed) Authentication failed.
2022/05/07 19:36:35 Success ==> connect to mongo db...
2022/05/07 21:12:36 Success ==> connect to mongo db...
2022/05/07 21:14:06 Success ==> connect to mongo db...
2022/05/07 21:14:35 Success ==> connect to mongo db...
2022/05/07 21:15:44 Success ==> connect to mongo db...
2022/05/07 21:16:32 Success ==> connect to mongo db...
2022/05/07 21:17:56 Success ==> connect to mongo db...
2022/05/07 21:18:18 Success ==> connect to mongo db...
2022/05/07 21:20:13 Success ==> connect to mongo db...
2022/05/08 13:25:03 Success ==> connect to mongo db...
2022/05/08 13:39:41 Success ==> connect to mongo db...
2022/05/08 13:44:18 Success ==> connect to mongo db...
2022/05/09 09:47:49 Success ==> connect to mongo db...
2022/05/09 13:13:16 Success ==> connect to mongo db...
2022/05/09 14:16:39 Success ==> connect to mongo db...
2022/05/09 14:17:57 Success ==> connect to mongo db...
2022/05/09 17:25:27 Success ==> connect to mongo db...
2022/05/09 17:40:14 Success ==> connect to mongo db...
2022/05/09 20:39:16 Success ==> connect to mongo db...
2022/05/09 21:32:46 Success ==> connect to mongo db...
2022/05/09 21:34:28 Success ==> connect to mongo db...
2022/05/09 21:40:21 Success ==> connect to mongo db...
2022/05/09 21:45:09 Success ==> connect to mongo db...
2022/05/09 22:03:58 Success ==> connect to mongo db...
2022/05/09 22:27:41 Success ==> connect to mongo db...
2022/05/10 11:08:37 Success ==> connect to mongo db...
2022/05/10 17:25:23 Success ==> connect to mongo db...
2022/05/10 18:16:09 Success ==> connect to mongo db...
2022/05/10 18:16:46 Success ==> connect to mongo db...
2022/05/10 18:33:13 Success ==> connect to mongo db...
2022/05/10 18:35:39 Success ==> connect to mongo db...
2022/05/10 18:36:21 Success ==> connect to mongo db...
2022/05/10 19:17:06 Success ==> connect to mongo db...
2022/05/10 19:17:37 Success ==> connect to mongo db...
2022/05/10 19:18:36 Success ==> connect to mongo db...
2022/05/10 19:20:45 Success ==> connect to mongo db...
2022/05/11 10:04:24 Success ==> connect to mongo db...
2022/05/11 10:18:34 Success ==> connect to mongo db...
2022/05/11 10:31:22 Success ==> connect to mongo db...
2022/05/11 10:50:08 server selection error: server selection timeout, current topology: { Type: Unknown, Servers: [{ Addr: mongo1:30001, Type: Unknown, Last error: connection() error occured during connection handshake: dial tcp 127.0.0.1:30001: connect: connection refused }, { Addr: mongo2:30002, Type: Unknown, Last error: connection() error occured during connection handshake: dial tcp 127.0.0.1:30002: connect: connection refused }, { Addr: mongo3:30003, Type: Unknown, Last error: connection() error occured during connection handshake: dial tcp 127.0.0.1:30003: connect: connection refused }, ] }
2022/05/11 10:58:26 Success ==> connect to mongo db...
2022/05/11 11:13:42 Success ==> connect to mongo db...
2022/05/11 11:31:33 Success ==> connect to mongo db...
2022/05/11 12:05:00 Success ==> connect to mongo db...
2022/05/11 12:06:09 Success ==> connect to mongo db...
2022/05/11 12:12:00 Success ==> connect to mongo db...
2022/05/11 12:13:20 Success ==> connect to mongo db...
2022/05/11 12:14:11 Success ==> connect to mongo db...
2022/05/11 12:14:50 Success ==> connect to mongo db...
2022/05/11 12:15:22 Success ==> connect to mongo db...
2022/05/11 12:16:41 Success ==> connect to mongo db...
2022/05/11 12:18:44 Success ==> connect to mongo db...
2022/05/11 12:19:38 Success ==> connect to mongo db...
2022/05/11 14:10:54 Success ==> connect to mongo db...
2022/05/11 14:12:05 Success ==> connect to mongo db...
2022/05/11 14:12:26 Success ==> connect to mongo db...
2022/05/11 14:15:00 Success ==> connect to mongo db...
2022/05/11 14:15:49 Success ==> connect to mongo db...
2022/05/11 14:16:15 Success ==> connect to mongo db...
2022/05/11 14:17:07 Success ==> connect to mongo db...
2022/05/11 14:18:02 Success ==> connect to mongo db...
2022/05/11 14:23:11 Success ==> connect to mongo db...
2022/05/11 14:27:20 Success ==> connect to mongo db...
2022/05/11 14:27:29 Success ==> connect to mongo db...
2022/05/11 14:28:01 Success ==> connect to mongo db...
2022/05/11 14:29:08 Success ==> connect to mongo db...
2022/05/11 14:31:45 Success ==> connect to mongo db...
2022/05/11 14:32:39 Success ==> connect to mongo db...
2022/05/11 14:39:00 Success ==> connect to mongo db...
2022/05/11 14:39:59 Success ==> connect to mongo db...
2022/05/11 14:40:24 Success ==> connect to mongo db...
2022/05/11 14:41:13 Success ==> connect to mongo db...
2022/05/11 14:45:02 Success ==> connect to mongo db...
2022/05/11 14:45:17 Success ==> connect to mongo db...
2022/05/11 14:46:20 Success ==> connect to mongo db...
2022/05/11 14:46:47 Success ==> connect to mongo db...
2022/05/11 14:47:57 Success ==> connect to mongo db...
2022/05/11 14:48:52 Success ==> connect to mongo db...
2022/05/11 14:49:05 Success ==> connect to mongo db...
2022/05/11 14:50:48 Success ==> connect to mongo db...
2022/05/11 14:51:41 Success ==> connect to mongo db...
2022/05/11 14:52:38 Success ==> connect to mongo db...
2022/05/11 14:52:58 Success ==> connect to mongo db...
2022/05/11 14:53:56 Success ==> connect to mongo db...
2022/05/11 14:54:40 Success ==> connect to mongo db...
2022/05/11 14:55:55 Success ==> connect to mongo db...
2022/05/11 15:15:51 Success ==> connect to mongo db...
2022/05/11 15:17:21 Success ==> connect to mongo db...
2022/05/11 15:25:40 Success ==> connect to mongo db...
2022/05/11 15:27:36 Success ==> connect to mongo db...
2022/05/11 15:28:18 Success ==> connect to mongo db...
2022/05/11 15:28:43 Success ==> connect to mongo db...
2022/05/11 15:34:29 Success ==> connect to mongo db...
2022/05/11 15:34:39 Success ==> connect to mongo db...
2022/05/11 15:35:24 Success ==> connect to mongo db...
2022/05/11 15:37:24 Success ==> connect to mongo db...
2022/05/11 15:38:17 Success ==> connect to mongo db...
2022/05/11 15:39:14 Success ==> connect to mongo db...
2022/05/11 15:39:49 Success ==> connect to mongo db...
2022/05/11 15:40:47 Success ==> connect to mongo db...
2022/05/11 15:43:36 Success ==> connect to mongo db...
2022/05/11 15:44:25 Success ==> connect to mongo db...
2022/05/11 15:45:00 Success ==> connect to mongo db...
2022/05/11 15:45:24 Success ==> connect to mongo db...
2022/05/11 15:45:57 Success ==> connect to mongo db...
2022/05/11 15:46:39 Success ==> connect to mongo db...
2022/05/11 15:48:51 Success ==> connect to mongo db...
2022/05/11 15:53:17 Success ==> connect to mongo db...
2022/05/11 16:00:25 Success ==> connect to mongo db...
2022/05/11 16:05:40 Success ==> connect to mongo db...
2022/05/11 16:14:18 Success ==> connect to mongo db...
2022/05/11 16:16:11 Success ==> connect to mongo db...
2022/05/11 16:25:22 Success ==> connect to mongo db...
2022/05/11 16:46:11 Success ==> connect to mongo db...
2022/05/11 16:47:29 Success ==> connect to mongo db...
2022/05/11 16:48:31 Success ==> connect to mongo db...
2022/05/11 16:49:46 Success ==> connect to mongo db...
2022/05/11 16:55:40 Success ==> connect to mongo db...
2022/05/11 16:57:59 Success ==> connect to mongo db...
2022/05/11 16:59:41 Success ==> connect to mongo db...
2022/05/11 17:01:01 Success ==> connect to mongo db...
2022/05/11 17:03:31 Success ==> connect to mongo db...
2022/05/11 17:04:11 Success ==> connect to mongo db...
2022/05/11 17:05:20 Success ==> connect to mongo db...
2022/05/11 17:06:15 Success ==> connect to mongo db...
2022/05/11 17:07:05 Success ==> connect to mongo db...
2022/05/11 17:24:10 Success ==> connect to mongo db...
2022/05/11 17:25:09 Success ==> connect to mongo db...
2022/05/11 17:25:41 Success ==> connect to mongo db...
2022/05/11 17:29:03 Success ==> connect to mongo db...
2022/05/11 17:29:15 Success ==> connect to mongo db...
2022/05/11 17:31:08 Success ==> connect to mongo db...
2022/05/11 17:35:17 Success ==> connect to mongo db...
2022/05/11 17:35:39 Success ==> connect to mongo db...
2022/05/11 17:36:20 Success ==> connect to mongo db...
2022/05/11 17:36:43 Success ==> connect to mongo db...
2022/05/11 17:37:10 Success ==> connect to mongo db...
2022/05/11 17:38:22 Success ==> connect to mongo db...
2022/05/11 17:38:45 Success ==> connect to mongo db...
2022/05/11 17:40:21 Success ==> connect to mongo db...
2022/05/11 17:41:10 Success ==> connect to mongo db...
2022/05/11 17:44:42 Success ==> connect to mongo db...
2022/05/11 17:45:16 Success ==> connect to mongo db...
2022/05/11 17:46:17 Success ==> connect to mongo db...
2022/05/11 17:46:49 Success ==> connect to mongo db...
2022/05/11 17:47:25 Success ==> connect to mongo db...
2022/05/11 17:49:08 Success ==> connect to mongo db...
2022/05/11 17:49:52 Success ==> connect to mongo db...
2022/05/11 17:50:41 Success ==> connect to mongo db...
2022/05/11 17:51:24 Success ==> connect to mongo db...
2022/05/11 17:52:11 Success ==> connect to mongo db...
2022/05/11 17:52:49 Success ==> connect to mongo db...
2022/05/11 17:54:31 Success ==> connect to mongo db...
2022/05/11 17:55:02 Success ==> connect to mongo db...
2022/05/11 17:55:41 Success ==> connect to mongo db...
2022/05/11 17:57:05 Success ==> connect to mongo db...
2022/05/11 18:14:54 Success ==> connect to mongo db...
2022/05/11 18:15:33 Success ==> connect to mongo db...
2022/05/11 18:16:24 Success ==> connect to mongo db...
2022/05/11 18:21:10 Success ==> connect to mongo db...
2022/05/11 18:21:46 Success ==> connect to mongo db...
2022/05/11 18:22:07 Success ==> connect to mongo db...
2022/05/11 18:26:38 Success ==> connect to mongo db...
2022/05/11 19:07:04 Success ==> connect to mongo db...
2022/05/11 19:11:26 Success ==> connect to mongo db...
2022/05/11 19:16:07 Success ==> connect to mongo db...
2022/05/11 19:25:36 Success ==> connect to mongo db...
2022/05/11 19:29:39 Success ==> connect to mongo db...
2022/05/11 19:31:01 Success ==> connect to mongo db...
2022/05/11 19:40:01 Success ==> connect to mongo db...
2022/05/11 19:40:24 Success ==> connect to mongo db...
2022/05/11 19:40:50 Success ==> connect to mongo db...
2022/05/11 19:41:55 Success ==> connect to mongo db...
2022/05/11 19:44:06 Success ==> connect to mongo db...
2022/05/11 19:47:02 Success ==> connect to mongo db...
2022/05/11 19:48:38 Success ==> connect to mongo db...
2022/05/11 19:51:03 Success ==> connect to mongo db...
2022/05/11 19:51:13 Success ==> connect to mongo db...
2022/05/11 19:54:47 Success ==> connect to mongo db...
2022/05/11 19:57:09 Success ==> connect to mongo db...
2022/05/11 19:58:15 Success ==> connect to mongo db...
2022/05/11 19:59:26 Success ==> connect to mongo db...
2022/05/11 19:59:40 Success ==> connect to mongo db...
2022/05/11 20:00:34 Success ==> connect to mongo db...
2022/05/11 20:08:08 Success ==> connect to mongo db...
2022/05/11 20:14:37 Success ==> connect to mongo db...
2022/05/11 20:15:33 Success ==> connect to mongo db...
2022/05/11 20:16:08 Success ==> connect to mongo db...
2022/05/11 20:26:19 Success ==> connect to mongo db...
2022/05/11 20:28:32 Success ==> connect to mongo db...
2022/05/11 20:34:19 Success ==> connect to mongo db...
2022/05/11 20:35:19 Success ==> connect to mongo db...
2022/05/11 20:37:45 Success ==> connect to mongo db...
2022/05/11 20:41:29 Success ==> connect to mongo db...
2022/05/11 20:41:58 Success ==> connect to mongo db...
2022/05/11 20:45:25 Success ==> connect to mongo db...
2022/05/11 21:12:28 Success ==> connect to mongo db...
2022/05/11 21:15:48 Success ==> connect to mongo db...
2022/05/11 21:16:59 Success ==> connect to mongo db...
2022/05/11 21:17:39 Success ==> connect to mongo db...
2022/05/11 21:18:33 Success ==> connect to mongo db...
2022/05/11 21:21:13 Success ==> connect to mongo db...
2022/05/11 21:27:56 Success ==> connect to mongo db...
2022/05/11 21:28:15 Success ==> connect to mongo db...
2022/05/11 21:36:07 Success ==> connect to mongo db...
2022/05/11 21:51:03 Success ==> connect to mongo db...
2022/05/11 21:51:20 Success ==> connect to mongo db...
2022/05/11 21:51:39 Success ==> connect to mongo db...
2022/05/11 22:06:58 Success ==> connect to mongo db...
2022/05/11 22:19:35 Success ==> connect to mongo db...
2022/05/11 22:24:20 Success ==> connect to mongo db...
2022/05/11 22:26:50 Success ==> connect to mongo db...
2022/05/11 22:32:15 Success ==> connect to mongo db...
2022/05/11 22:33:36 Success ==> connect to mongo db...
2022/05/11 22:52:27 Success ==> connect to mongo db...
2022/05/11 22:52:57 Success ==> connect to mongo db...
2022/05/11 22:53:57 Success ==> connect to mongo db...
2022/05/11 22:55:28 Success ==> connect to mongo db...
2022/05/11 23:15:58 Success ==> connect to mongo db...
2022/05/12 15:15:21 Success ==> connect to mongo db...
2022/05/12 15:31:24 Success ==> connect to mongo db...
2022/05/12 15:37:07 Success ==> connect to mongo db...
2022/05/12 15:38:48 Success ==> connect to mongo db...
2022/05/12 15:41:38 Success ==> connect to mongo db...
2022/05/12 15:43:02 Success ==> connect to mongo db...
2022/05/12 15:43:09 Success ==> connect to mongo db...
2022/05/17 16:53:54 connection() error occured during connection handshake: auth error: sasl conversation error: unable to authenticate using mechanism "SCRAM-SHA-1": (AuthenticationFailed) Authentication failed.
2022/05/17 16:55:59 Success ==> connect to mongo db...
2022/05/17 17:11:13 Success ==> connect to mongo db...
2022/05/17 17:11:51 Success ==> connect to mongo db...
2022/05/17 17:12:43 Success ==> connect to mongo db...
2022/05/17 17:17:54 Success ==> connect to mongo db...
2022/05/17 17:19:41 Success ==> connect to mongo db...
2022/05/17 17:20:09 Success ==> connect to mongo db...
2022/05/17 17:21:05 Success ==> connect to mongo db...
2022/05/17 17:28:06 Success ==> connect to mongo db...
2022/05/17 17:34:44 Success ==> connect to mongo db...
2022/05/17 17:36:00 Success ==> connect to mongo db...
2022/05/17 17:39:56 Success ==> connect to mongo db...
2022/05/17 17:40:59 Success ==> connect to mongo db...
2022/05/17 17:42:23 Success ==> connect to mongo db...
2022/05/17 17:45:47 Success ==> connect to mongo db...
2022/05/17 18:05:14 Success ==> connect to mongo db...
2022/05/17 18:07:03 Success ==> connect to mongo db...
2022/05/17 18:08:03 Success ==> connect to mongo db...
2022/05/17 18:08:45 Success ==> connect to mongo db...
2022/05/17 18:11:04 Success ==> connect to mongo db...
2022/05/17 18:14:39 Success ==> connect to mongo db...
2022/05/17 18:15:17 Success ==> connect to mongo db...
2022/05/17 18:18:07 Success ==> connect to mongo db...
2022/05/17 18:19:47 Success ==> connect to mongo db...
2022/05/17 18:20:17 Success ==> connect to mongo db...
2022/05/17 18:24:54 Success ==> connect to mongo db...
2022/05/17 18:25:24 Success ==> connect to mongo db...
2022/05/17 18:26:38 Success ==> connect to mongo db...
2022/05/17 18:27:00 Success ==> connect to mongo db...
2022/05/17 18:29:06 Success ==> connect to mongo db...
2022/05/18 07:58:28 server selection error: server selection timeout, current topology: { Type: Unknown, Servers: [{ Addr: mongo1:30001, Type: Unknown, Last error: connection() error occured during connection handshake: dial tcp 192.168.0.101:30001: connect: host is down }, { Addr: mongo2:30002, Type: Unknown, Last error: connection() error occured during connection handshake: dial tcp 192.168.0.101:30002: connect: host is down }, { Addr: mongo3:30003, Type: Unknown, Last error: connection() error occured during connection handshake: dial tcp 192.168.0.101:30003: connect: host is down }, ] }
2022/05/18 08:06:23 server selection error: server selection timeout, current topology: { Type: Unknown, Servers: [{ Addr: mongo1:30001, Type: Unknown, Last error: connection() error occured during connection handshake: dial tcp 192.168.0.101:30001: connect: host is down }, { Addr: mongo2:30002, Type: Unknown, Last error: connection() error occured during connection handshake: dial tcp 192.168.0.101:30002: connect: host is down }, { Addr: mongo3:30003, Type: Unknown, Last error: connection() error occured during connection handshake: dial tcp 192.168.0.101:30003: connect: host is down }, ] }
2022/05/18 08:06:38 Success ==> connect to mongo db...
2022/05/18 14:22:44 Success ==> connect to mongo db...
2022/05/18 14:23:48 Success ==> connect to mongo db...
2022/05/18 14:29:41 Success ==> connect to mongo db...
2022/05/18 14:29:53 Success ==> connect to mongo db...
2022/05/25 19:06:06 Success ==> connect to mongo db...
2022/05/25 19:19:51 Success ==> connect to mongo db...
2022/05/25 19:37:05 Success ==> connect to mongo db...
2022/05/25 19:38:08 Success ==> connect to mongo db...
2022/05/25 19:43:30 Success ==> connect to mongo db...
2022/05/25 19:50:01 Success ==> connect to mongo db...
2022/05/25 19:50:16 Success ==> connect to mongo db...
2022/05/25 19:52:59 Success ==> connect to mongo db...
2022/05/25 19:54:09 Success ==> connect to mongo db...
2022/05/25 19:54:56 Success ==> connect to mongo db...
2022/05/25 19:55:23 Success ==> connect to mongo db...
2022/05/25 19:56:14 Success ==> connect to mongo db...
2022/05/25 19:58:06 Success ==> connect to mongo db...
2022/05/25 19:58:56 Success ==> connect to mongo db...
2022/05/25 19:59:35 Success ==> connect to mongo db...
2022/05/25 20:03:11 Success ==> connect to mongo db...
2022/05/25 20:05:35 Success ==> connect to mongo db...
2022/05/25 20:06:38 Success ==> connect to mongo db...
2022/05/25 20:07:38 Success ==> connect to mongo db...
2022/05/25 20:09:00 Success ==> connect to mongo db...
2022/05/25 20:09:18 Success ==> connect to mongo db...
2022/05/25 20:11:17 Success ==> connect to mongo db...
2022/05/25 20:13:49 Success ==> connect to mongo db...
2022/05/25 20:14:18 Success ==> connect to mongo db...
2022/05/25 20:17:48 Success ==> connect to mongo db...
2022/05/25 20:18:24 Success ==> connect to mongo db...
2022/05/25 21:24:08 Success ==> connect to mongo db...
2022/05/25 21:44:27 Success ==> connect to mongo db...
2022/05/25 21:45:08 Success ==> connect to mongo db...
2022/05/25 22:09:21 Success ==> connect to mongo db...
2022/05/25 22:10:29 Success ==> connect to mongo db...
2022/05/25 22:10:50 Success ==> connect to mongo db...
2022/05/25 22:11:17 Success ==> connect to mongo db...
2022/05/25 22:14:24 Success ==> connect to mongo db...
2022/05/25 22:15:22 Success ==> connect to mongo db...
2022/05/25 22:16:35 Success ==> connect to mongo db...
2022/05/25 22:18:31 Success ==> connect to mongo db...
2022/05/25 22:19:11 Success ==> connect to mongo db...
2022/05/25 23:10:37 Success ==> connect to mongo db...
2022/05/25 23:33:34 Success ==> connect to mongo db...
2022/05/25 23:34:21 Success ==> connect to mongo db...
2022/05/25 23:35:51 Success ==> connect to mongo db...
2022/05/25 23:36:30 Success ==> connect to mongo db...
2022/05/25 23:36:49 Success ==> connect to mongo db...
2022/05/25 23:39:22 Success ==> connect to mongo db...
2022/05/25 23:39:51 Success ==> connect to mongo db...
2022/05/25 23:41:02 Success ==> connect to mongo db...
2022/05/25 23:41:27 Success ==> connect to mongo db...
2022/05/25 23:44:39 Success ==> connect to mongo db...
2022/05/25 23:45:43 Success ==> connect to mongo db...
2022/05/25 23:46:08 Success ==> connect to mongo db...
2022/05/25 23:49:15 Success ==> connect to mongo db...
2022/05/25 23:51:37 Success ==> connect to mongo db...
2022/05/25 23:53:30 Success ==> connect to mongo db...
2022/05/26 15:24:11 Success ==> connect to mongo db...
2022/05/26 15:24:41 Success ==> connect to mongo db...
2022/05/26 15:25:28 Success ==> connect to mongo db...
2022/05/26 15:25:56 Success ==> connect to mongo db...
2022/05/26 15:26:06 Success ==> connect to mongo db...
2022/05/26 15:26:29 Success ==> connect to mongo db...
2022/05/26 15:26:53 Success ==> connect to mongo db...
2022/05/26 15:29:45 Success ==> connect to mongo db...
2022/05/26 15:33:20 Success ==> connect to mongo db...
2022/05/26 15:34:16 Success ==> connect to mongo db...
2022/05/26 15:36:06 Success ==> connect to mongo db...
2022/05/26 15:37:26 Success ==> connect to mongo db...
2022/05/26 15:40:08 Success ==> connect to mongo db...
2022/05/26 15:42:44 Success ==> connect to mongo db...
2022/05/26 15:43:37 Success ==> connect to mongo db...
2022/05/26 15:45:30 Success ==> connect to mongo db...
2022/05/26 15:45:59 Success ==> connect to mongo db...
2022/05/26 15:46:17 Success ==> connect to mongo db...
2022/05/26 15:46:30 Success ==> connect to mongo db...
2022/05/26 15:47:04 Success ==> connect to mongo db...
2022/05/26 15:47:48 Success ==> connect to mongo db...
2022/05/26 15:48:52 Success ==> connect to mongo db...
2022/05/26 15:50:03 Success ==> connect to mongo db...
2022/05/26 15:51:48 Success ==> connect to mongo db...
2022/05/26 15:52:21 Success ==> connect to mongo db...
2022/05/26 15:53:39 Success ==> connect to mongo db...
2022/05/26 15:55:03 Success ==> connect to mongo db...
2022/05/26 15:56:37 Success ==> connect to mongo db...
2022/05/26 15:58:24 Success ==> connect to mongo db...
2022/05/26 15:59:10 Success ==> connect to mongo db...
2022/05/26 16:02:49 Success ==> connect to mongo db...
2022/05/26 16:03:34 Success ==> connect to mongo db...
2022/05/26 16:06:04 Success ==> connect to mongo db...
2022/05/26 16:43:41 Success ==> connect to mongo db...
2022/05/26 16:59:52 Success ==> connect to mongo db...
2022/05/26 17:01:23 Success ==> connect to mongo db...
2022/05/26 17:01:48 Success ==> connect to mongo db...
2022/05/26 17:02:16 Success ==> connect to mongo db...
2022/05/26 17:07:40 Success ==> connect to mongo db...
2022/05/26 18:21:46 Success ==> connect to mongo db...
2022/05/26 18:23:52 Success ==> connect to mongo db...
2022/05/26 18:25:46 Success ==> connect to mongo db...
2022/05/26 18:33:59 Success ==> connect to mongo db...
2022/05/26 22:12:34 Success ==> connect to mongo db...
2022/05/26 22:56:54 Success ==> connect to mongo db...
2022/05/27 09:29:19 Success ==> connect to mongo db...
2022/05/27 09:30:04 Success ==> connect to mongo db...
<<<<<<< HEAD
2022/05/27 09:32:58 Success ==> connect to mongo db...
2022/05/27 09:52:52 Success ==> connect to mongo db...
2022/05/27 10:01:39 Success ==> connect to mongo db...
2022/05/27 10:02:22 Success ==> connect to mongo db...
2022/05/27 10:03:44 Success ==> connect to mongo db...
2022/05/27 12:07:42 Success ==> connect to mongo db...
2022/05/27 12:08:58 Success ==> connect to mongo db...
2022/05/27 12:09:17 Success ==> connect to mongo db...
2022/05/27 12:09:38 Success ==> connect to mongo db...
2022/05/27 15:09:49 Success ==> connect to mongo db...
2022/05/27 15:14:25 Success ==> connect to mongo db...
2022/05/27 15:26:00 Success ==> connect to mongo db...
2022/05/27 15:30:15 Success ==> connect to mongo db...
2022/05/27 15:35:29 Success ==> connect to mongo db...
2022/05/27 15:37:18 Success ==> connect to mongo db...
=======
2022/05/27 15:41:27 Success ==> connect to mongo db...
2022/05/27 15:43:07 server selection error: server selection timeout, current topology: { Type: Unknown, Servers: [{ Addr: mongo1:30001, Type: Unknown, Last error: connection() error occured during connection handshake: dial tcp 186.7.131.227:30001: connect: network is unreachable }, { Addr: mongo2:30002, Type: Unknown, Last error: connection() error occured during connection handshake: dial tcp 186.7.131.227:30002: connect: network is unreachable }, { Addr: mongo3:30003, Type: Unknown, Last error: connection() error occured during connection handshake: dial tcp 186.7.131.227:30003: connect: network is unreachable }, ] }
2022/05/27 17:08:32 Success ==> connect to mongo db...
2022/05/27 17:17:00 Success ==> connect to mongo db...
2022/05/27 17:19:09 Success ==> connect to mongo db...
2022/05/27 17:20:12 Success ==> connect to mongo db...
2022/05/27 17:29:00 Success ==> connect to mongo db...
2022/05/27 17:30:25 Success ==> connect to mongo db...
2022/05/27 17:31:07 Success ==> connect to mongo db...
2022/05/27 17:31:32 Success ==> connect to mongo db...
>>>>>>> 0106c32d96cc475da008504f6ec12c4afbdd07e7
2022/05/27 17:37:36 Success ==> connect to mongo db...
2022/05/27 17:40:28 Success ==> connect to mongo db...
2022/05/27 17:43:11 Success ==> connect to mongo db...
2022/05/27 17:44:14 Success ==> connect to mongo db...
2022/05/27 17:45:32 Success ==> connect to mongo db...
2022/05/27 17:47:00 Success ==> connect to mongo db...
2022/05/27 17:49:02 Success ==> connect to mongo db...
2022/05/27 17:52:03 Success ==> connect to mongo db...
2022/05/27 17:57:37 Success ==> connect to mongo db...
2022/05/27 18:02:18 Success ==> connect to mongo db...
